<?xml version="1.0" encoding="UTF-8"?>
<!-- Generated by org.testng.reporters.JUnitReportReporter -->
<testsuite hostname="RptR-s-PC" failures="0" tests="1" name="selenium.test" time="23.466" errors="0" timestamp="2022-09-11T06:25:14 GMT-06:00" skipped="0">
  <testcase classname="selenium.test" name="switchtab" time="23.466"/>
  <system-out/>
</testsuite> <!-- selenium.test -->
